<?xml version="1.0" encoding="UTF-8"?>
<testng-results ignored="0" total="1" passed="1" failed="0" skipped="0">
  <reporter-output>
    <line>
      <![CDATA[this is test]]>
    </line>
  </reporter-output>
  <suite started-at="2018-10-15T16:34:05Z" name="Suite" finished-at="2018-10-15T16:34:05Z" duration-ms="25">
    <groups>
    </groups>
    <test started-at="2018-10-15T16:34:05Z" name="Test" finished-at="2018-10-15T16:34:05Z" duration-ms="25">
      <class name="TestPackage.DemoMaven">
        <test-method signature="test()[pri:0, instance:TestPackage.DemoMaven@78123e82]" started-at="2018-10-15T22:04:05Z" name="test" finished-at="2018-10-15T22:04:05Z" duration-ms="8" status="PASS">
          <reporter-output>
            <line>
              <![CDATA[this is test]]>
            </line>
          </reporter-output>
        </test-method> <!-- test -->
      </class> <!-- TestPackage.DemoMaven -->
    </test> <!-- Test -->
  </suite> <!-- Suite -->
</testng-results>
